0 verbose cli /usr/local/bin/node /usr/local/bin/npm
1 info using npm@10.9.2
2 info using node@v22.14.0
3 silly config load:file:/usr/local/lib/node_modules/npm/npmrc
4 silly config load:file:/workspace/app/.npmrc
5 silly config load:file:/root/.npmrc
6 silly config load:file:/usr/local/etc/npmrc
7 verbose title npm install
8 verbose argv "install" "--no-audit" "--no-fund" "--cache" "/root/.npm"
9 verbose logfile logs-max:10 dir:/root/.npm/_logs/2026-02-25T13_26_59_026Z-
10 verbose logfile /root/.npm/_logs/2026-02-25T13_26_59_026Z-debug-0.log
11 silly logfile done cleaning log files
12 silly packumentCache heap:2105278464 maxSize:526319616 maxEntrySize:263159808
13 silly idealTree buildDeps
14 verbose shrinkwrap failed to load node_modules/.package-lock.json out of date, updated: node_modules
15 http fetch GET 200 https://registry.npmjs.org/npm 2064ms
16 silly reify moves {}
17 verbose cwd /workspace/app
18 verbose os Linux 6.10.14-linuxkit
19 verbose node v22.14.0
20 verbose npm  v10.9.2
21 notice
21 notice New major version of npm available! 10.9.2 -> 11.10.1
21 notice Changelog: https://github.com/npm/cli/releases/tag/v11.10.1
21 notice To update run: npm install -g npm@11.10.1
21 notice  { force: true, [Symbol(proc-log.meta)]: true }
22 verbose exit 0
23 info ok
